<?xml version="1.0" encoding="UTF-8"?>
<!-- Generated by org.testng.reporters.JUnitReportReporter -->
<testsuite hostname="DESKTOP-7OQV29M" failures="0" tests="1" name="com.mvn.GeneralStore" time="41.904" errors="0" timestamp="2024-10-16T12:43:19 IST" skipped="0">
  <testcase classname="com.mvn.GeneralStore" name="store" time="41.904"/>
</testsuite> <!-- com.mvn.GeneralStore -->
