<?xml version="1.0" encoding="UTF-8"?>
<!-- Generated by org.testng.reporters.JUnitReportReporter -->
<testsuite hostname="DESKTOP-7OQV29M" failures="0" tests="1" name="com.mvn.Facebook" time="62.605" errors="0" timestamp="2024-10-16T14:10:25 IST" skipped="0">
  <testcase classname="com.mvn.Facebook" name="login" time="62.605"/>
</testsuite> <!-- com.mvn.Facebook -->
